INFO: 2025/03/01 18:35:43 main.go:16: Application started
INFO: 2025/03/01 18:43:17 userController.go:70: Request: POST /login
INFO: 2025/03/01 18:43:17 userController.go:92: Response: POST /login 200
INFO: 2025/03/01 22:59:10 main.go:16: Application started
INFO: 2025/03/01 22:59:55 auth_middleware.go:15: Request: POST /admin/add_user
INFO: 2025/03/01 22:59:55 userController.go:18: Request: POST /admin/add_user
INFO: 2025/03/01 22:59:55 userController.go:37: Error in CreateUser service: record not found
INFO: 2025/03/01 22:59:55 auth_middleware.go:42: Response: POST /admin/add_user 500
INFO: 2025/03/01 23:02:06 auth_middleware.go:15: Request: POST /admin/add_user
INFO: 2025/03/01 23:02:06 userController.go:18: Request: POST /admin/add_user
INFO: 2025/03/01 23:02:06 userController.go:37: Error in CreateUser service: record not found
INFO: 2025/03/01 23:02:06 auth_middleware.go:42: Response: POST /admin/add_user 500
INFO: 2025/03/01 23:03:47 main.go:16: Application started
INFO: 2025/03/01 23:03:52 auth_middleware.go:15: Request: POST /admin/add_user
INFO: 2025/03/01 23:03:52 userController.go:18: Request: POST /admin/add_user
INFO: 2025/03/01 23:03:52 userController.go:37: Error in CreateUser service: record not found
INFO: 2025/03/01 23:03:52 auth_middleware.go:42: Response: POST /admin/add_user 500
INFO: 2025/03/01 23:05:05 main.go:16: Application started
INFO: 2025/03/01 23:05:08 auth_middleware.go:15: Request: POST /admin/add_user
INFO: 2025/03/01 23:05:08 userController.go:18: Request: POST /admin/add_user
INFO: 2025/03/01 23:05:08 userController.go:37: Error in CreateUser service: record not found
INFO: 2025/03/01 23:05:08 auth_middleware.go:42: Response: POST /admin/add_user 500
INFO: 2025/03/01 23:05:17 auth_middleware.go:15: Request: POST /admin/add_user
INFO: 2025/03/01 23:05:17 userController.go:18: Request: POST /admin/add_user
INFO: 2025/03/01 23:05:17 userController.go:37: Error in CreateUser service: record not found
INFO: 2025/03/01 23:05:17 auth_middleware.go:42: Response: POST /admin/add_user 500
INFO: 2025/03/01 23:05:36 main.go:16: Application started
INFO: 2025/03/01 23:05:41 auth_middleware.go:15: Request: POST /admin/add_user
INFO: 2025/03/01 23:05:41 userController.go:18: Request: POST /admin/add_user
INFO: 2025/03/01 23:05:41 userController.go:37: Error in CreateUser service: record not found
INFO: 2025/03/01 23:05:41 auth_middleware.go:42: Response: POST /admin/add_user 500
INFO: 2025/03/01 23:06:06 main.go:16: Application started
INFO: 2025/03/01 23:06:11 auth_middleware.go:15: Request: POST /admin/add_user
INFO: 2025/03/01 23:06:11 userController.go:18: Request: POST /admin/add_user
INFO: 2025/03/01 23:06:11 userController.go:37: Error in CreateUser service: record not found
INFO: 2025/03/01 23:06:11 auth_middleware.go:42: Response: POST /admin/add_user 500
INFO: 2025/03/01 23:06:35 main.go:16: Application started
INFO: 2025/03/01 23:06:39 auth_middleware.go:15: Request: POST /admin/add_user
INFO: 2025/03/01 23:06:39 userController.go:18: Request: POST /admin/add_user
INFO: 2025/03/01 23:06:39 userController.go:37: Error in CreateUser service: record not found
INFO: 2025/03/01 23:06:39 auth_middleware.go:42: Response: POST /admin/add_user 500
INFO: 2025/03/01 23:07:19 main.go:16: Application started
INFO: 2025/03/01 23:07:23 auth_middleware.go:15: Request: POST /admin/add_user
INFO: 2025/03/01 23:07:23 userController.go:18: Request: POST /admin/add_user
INFO: 2025/03/01 23:07:23 userController.go:37: Error in CreateUser service: record not found
INFO: 2025/03/01 23:07:23 auth_middleware.go:42: Response: POST /admin/add_user 500
INFO: 2025/03/01 23:08:26 auth_middleware.go:15: Request: POST /admin/add_user
INFO: 2025/03/01 23:08:26 userController.go:18: Request: POST /admin/add_user
INFO: 2025/03/01 23:08:26 userController.go:37: Error in CreateUser service: record not found
INFO: 2025/03/01 23:08:26 auth_middleware.go:42: Response: POST /admin/add_user 500
INFO: 2025/03/01 23:08:36 auth_middleware.go:15: Request: POST /admin/add_user
INFO: 2025/03/01 23:08:36 userController.go:18: Request: POST /admin/add_user
INFO: 2025/03/01 23:08:36 userController.go:37: Error in CreateUser service: record not found
INFO: 2025/03/01 23:08:36 auth_middleware.go:42: Response: POST /admin/add_user 500
INFO: 2025/03/01 23:08:39 auth_middleware.go:15: Request: POST /admin/add_user
INFO: 2025/03/01 23:08:39 userController.go:18: Request: POST /admin/add_user
INFO: 2025/03/01 23:08:39 userController.go:37: Error in CreateUser service: record not found
INFO: 2025/03/01 23:08:39 auth_middleware.go:42: Response: POST /admin/add_user 500
INFO: 2025/03/01 23:09:34 main.go:16: Application started
INFO: 2025/03/01 23:15:07 auth_middleware.go:15: Request: POST /admin/add_user
INFO: 2025/03/01 23:15:07 userController.go:18: Request: POST /admin/add_user
INFO: 2025/03/01 23:15:07 userController.go:37: Error in CreateUser service: record not found
INFO: 2025/03/01 23:15:07 auth_middleware.go:42: Response: POST /admin/add_user 500
INFO: 2025/03/01 23:16:03 auth_middleware.go:15: Request: POST /admin/add_user
INFO: 2025/03/01 23:16:03 userController.go:18: Request: POST /admin/add_user
INFO: 2025/03/01 23:16:03 userController.go:37: Error in CreateUser service: record not found
INFO: 2025/03/01 23:16:03 auth_middleware.go:42: Response: POST /admin/add_user 500
INFO: 2025/03/01 23:16:56 userController.go:48: Request: POST /login
INFO: 2025/03/01 23:16:56 userController.go:70: Response: POST /login 200
INFO: 2025/03/01 23:17:32 main.go:16: Application started
INFO: 2025/03/01 23:17:43 userController.go:48: Request: POST /login
INFO: 2025/03/01 23:17:44 userController.go:70: Response: POST /login 200
INFO: 2025/03/01 23:18:20 main.go:16: Application started
INFO: 2025/03/01 23:18:28 userController.go:48: Request: POST /login
INFO: 2025/03/01 23:18:35 userController.go:48: Request: POST /login
INFO: 2025/03/01 23:18:52 main.go:16: Application started
INFO: 2025/03/01 23:19:01 userController.go:48: Request: POST /login
INFO: 2025/03/01 23:20:01 main.go:16: Application started
INFO: 2025/03/01 23:20:11 userController.go:48: Request: POST /login
INFO: 2025/03/01 23:20:11 userController.go:70: Response: POST /login 200
INFO: 2025/03/01 23:20:14 auth_middleware.go:15: Request: POST /admin/add_user
INFO: 2025/03/01 23:20:14 userController.go:18: Request: POST /admin/add_user
INFO: 2025/03/01 23:20:14 userController.go:37: Error in CreateUser service: record not found
INFO: 2025/03/01 23:20:14 auth_middleware.go:42: Response: POST /admin/add_user 500
INFO: 2025/03/01 23:23:49 main.go:16: Application started
INFO: 2025/03/01 23:23:56 auth_middleware.go:15: Request: POST /admin/add_user
INFO: 2025/03/01 23:23:56 userController.go:18: Request: POST /admin/add_user
INFO: 2025/03/01 23:23:56 userController.go:37: Error in CreateUser service: record not found
INFO: 2025/03/01 23:23:56 auth_middleware.go:42: Response: POST /admin/add_user 500
INFO: 2025/03/01 23:24:08 userController.go:48: Request: POST /login
INFO: 2025/03/01 23:24:08 userController.go:70: Response: POST /login 200
INFO: 2025/03/01 23:25:34 auth_middleware.go:15: Request: POST /admin/add_user
INFO: 2025/03/01 23:25:34 userController.go:18: Request: POST /admin/add_user
INFO: 2025/03/01 23:26:11 main.go:16: Application started
INFO: 2025/03/01 23:26:28 auth_middleware.go:15: Request: POST /admin/add_user
INFO: 2025/03/01 23:26:28 userController.go:18: Request: POST /admin/add_user
INFO: 2025/03/01 23:26:28 userController.go:37: Error in CreateUser service: user already exists
INFO: 2025/03/01 23:26:28 auth_middleware.go:42: Response: POST /admin/add_user 400
INFO: 2025/03/02 00:00:20 main.go:16: Application started
INFO: 2025/03/02 00:00:27 auth_middleware.go:15: Request: POST /admin/add_user
INFO: 2025/03/02 00:00:27 userController.go:18: Request: POST /admin/add_user
INFO: 2025/03/02 00:00:27 userController.go:37: Error in CreateUser service: not enough args to execute query: want 2 got 1
INFO: 2025/03/02 00:00:27 auth_middleware.go:42: Response: POST /admin/add_user 500
INFO: 2025/03/02 00:01:02 main.go:16: Application started
INFO: 2025/03/02 00:01:11 auth_middleware.go:15: Request: POST /admin/add_user
INFO: 2025/03/02 00:01:11 userController.go:18: Request: POST /admin/add_user
INFO: 2025/03/02 00:01:11 userController.go:37: Error in CreateUser service: user already exists
INFO: 2025/03/02 00:01:11 auth_middleware.go:42: Response: POST /admin/add_user 400
INFO: 2025/03/02 00:08:53 main.go:16: Application started
INFO: 2025/03/02 00:09:06 auth_middleware.go:15: Request: POST /admin/add_user
INFO: 2025/03/02 00:09:06 userController.go:18: Request: POST /admin/add_user
INFO: 2025/03/02 00:09:06 userController.go:41: User created successfully: temp10
INFO: 2025/03/02 00:09:06 auth_middleware.go:42: Response: POST /admin/add_user 201
INFO: 2025/03/02 00:20:33 main.go:16: Application started
INFO: 2025/03/02 00:20:46 main.go:16: Application started
INFO: 2025/03/02 00:21:09 auth_middleware.go:15: Request: GET /user/temp10
INFO: 2025/03/02 00:21:09 userController.go:75: Request: GET /user/temp10
INFO: 2025/03/02 00:21:09 auth_middleware.go:42: Response: GET /user/temp10 200
INFO: 2025/03/02 00:37:47 main.go:16: Application started
INFO: 2025/03/02 00:38:05 auth_middleware.go:15: Request: DELETE /admin/temp10
INFO: 2025/03/02 00:38:05 auth_middleware.go:42: Response: DELETE /admin/temp10 200
INFO: 2025/03/02 03:29:39 main.go:16: Application started
INFO: 2025/03/02 03:30:04 auth_middleware.go:15: Request: POST /admin/add_user
INFO: 2025/03/02 03:30:04 userController.go:18: Request: POST /admin/add_user
INFO: 2025/03/02 03:30:04 userController.go:40: User created successfully: temp11
INFO: 2025/03/02 03:30:04 auth_middleware.go:42: Response: POST /admin/add_user 201
INFO: 2025/03/02 03:30:13 userController.go:47: Request: POST /login
INFO: 2025/03/02 03:30:13 userController.go:69: Response: POST /login 200
INFO: 2025/03/02 03:31:37 main.go:16: Application started
INFO: 2025/03/02 03:31:42 auth_middleware.go:15: Request: PUT /user/update
INFO: 2025/03/02 03:31:42 userController.go:143: User updated successfully: temp11
INFO: 2025/03/02 03:31:42 auth_middleware.go:63: Response: PUT /user/update 200
INFO: 2025/03/02 03:57:17 auth_middleware.go:15: Request: PUT /admin/update_role
INFO: 2025/03/02 03:57:17 auth_middleware.go:42: Response: PUT /admin/update_role 200
